beagle.28Sep18.793.jar (version 5.0)
Copyright (C) 2014-2018 Brian L. Browning
Enter "java -jar beagle.28Sep18.793.jar" to list command line argument
Start time: 04:49 PM EDT on 04 May 2022

Command line: java -Xmx512000m -jar beagle.28Sep18.793.jar
  gt=/local/workdir/lbraatz/DCas22_6902/output/chr12_DCas22_6902_DArTseqLD_AllSites_AllChrom_rawFiltered.vcf.gz
  map=/local/workdir/lbraatz/DCas22_6902/data/CassavaGeneticMapV6updated/chr12_cassava_cM_pred.v6_91019.map
  out=/local/workdir/lbraatz/DCas22_6902/output/chr12_DCas22_6902_DArT_imputed
  nthreads=110
  impute=TRUE
  ne=1e+05

Reference samples:           0
Study samples:           7,827

Window 1 (12:138748-7323821)
Study markers:             216

Burnin  iteration 1:           1 second
Burnin  iteration 2:           1 second
Burnin  iteration 3:           0 seconds
Burnin  iteration 4:           0 seconds
Burnin  iteration 5:           1 second
Burnin  iteration 6:           0 seconds

Phasing iteration 1:           1 second
Phasing iteration 2:           0 seconds
Phasing iteration 3:           0 seconds
Phasing iteration 4:           0 seconds
Phasing iteration 5:           0 seconds
Phasing iteration 6:           0 seconds
Phasing iteration 7:           0 seconds
Phasing iteration 8:           0 seconds
Phasing iteration 9:           0 seconds
Phasing iteration 10:          0 seconds
Phasing iteration 11:          0 seconds
Phasing iteration 12:          0 seconds

Window 2 (12:6176309-14130441)
Study markers:              88

Burnin  iteration 1:           0 seconds
Burnin  iteration 2:           0 seconds
Burnin  iteration 3:           0 seconds
Burnin  iteration 4:           0 seconds
Burnin  iteration 5:           0 seconds
Burnin  iteration 6:           0 seconds

Phasing iteration 1:           0 seconds
Phasing iteration 2:           0 seconds
Phasing iteration 3:           0 seconds
Phasing iteration 4:           0 seconds
Phasing iteration 5:           0 seconds
Phasing iteration 6:           0 seconds
Phasing iteration 7:           0 seconds
Phasing iteration 8:           0 seconds
Phasing iteration 9:           0 seconds
Phasing iteration 10:          0 seconds
Phasing iteration 11:          0 seconds
Phasing iteration 12:          0 seconds

Window 3 (12:13090545-27695609)
Study markers:              86

Burnin  iteration 1:           0 seconds
Burnin  iteration 2:           0 seconds
Burnin  iteration 3:           0 seconds
Burnin  iteration 4:           0 seconds
Burnin  iteration 5:           0 seconds
Burnin  iteration 6:           0 seconds

Phasing iteration 1:           0 seconds
Phasing iteration 2:           0 seconds
Phasing iteration 3:           0 seconds
Phasing iteration 4:           0 seconds
Phasing iteration 5:           0 seconds
Phasing iteration 6:           0 seconds
Phasing iteration 7:           0 seconds
Phasing iteration 8:           0 seconds
Phasing iteration 9:           0 seconds
Phasing iteration 10:          0 seconds
Phasing iteration 11:          0 seconds
Phasing iteration 12:          0 seconds

Window 4 (12:27156022-31548434)
Study markers:             119

Burnin  iteration 1:           0 seconds
Burnin  iteration 2:           0 seconds
Burnin  iteration 3:           0 seconds
Burnin  iteration 4:           0 seconds
Burnin  iteration 5:           0 seconds
Burnin  iteration 6:           0 seconds

Phasing iteration 1:           0 seconds
Phasing iteration 2:           0 seconds
Phasing iteration 3:           0 seconds
Phasing iteration 4:           0 seconds
Phasing iteration 5:           0 seconds
Phasing iteration 6:           0 seconds
Phasing iteration 7:           0 seconds
Phasing iteration 8:           0 seconds
Phasing iteration 9:           0 seconds
Phasing iteration 10:          0 seconds
Phasing iteration 11:          0 seconds
Phasing iteration 12:          0 seconds

Cumulative Statistics:

Study markers:             461

Haplotype phasing time:        13 seconds
Total time:                    18 seconds

End time: 04:49 PM EDT on 04 May 2022
beagle.28Sep18.793.jar finished
